生成启动时间为 2014/11/8 18:56:16。
     1>项目“E:\2014yan\神经网络\课程设计\课程题目3\bp\bp\bp.vcxproj”在节点 2 上(build 个目标)。
     1>InitializeBuildStatus:
         正在创建“Debug\bp.unsuccessfulbuild”，因为已指定“AlwaysCreate”。
       ClCompile:
         所有输出均为最新。
         d:\Program Files (x86)\Microsoft Visual Studio 10.0\VC\bin\CL.exe /c /ZI /nologo /W3 /WX- /Od /Oy- /D WIN32 /D _DEBUG /D _CONSOLE /D _UNICODE /D UNICODE /Gm /EHsc /RTC1 /MDd /GS /fp:precise /Zc:wchar_t /Zc:forScope /Yu"StdAfx.h" /Fp"Debug\bp.pch" /Fo"Debug\\" /Fd"Debug\vc100.pdb" /Gd /TP /analyze- /errorReport:prompt bp.cpp
         bp.cpp
     1>e:\2014yan\神经网络\课程设计\课程题目3\bp\bp\bp.cpp(200): warning C4101: “j”: 未引用的局部变量
     1>e:\2014yan\神经网络\课程设计\课程题目3\bp\bp\bp.cpp(232): warning C4996: 'scanf': This function or variable may be unsafe. Consider using scanf_s instead. To disable deprecation, use _CRT_SECURE_NO_WARNINGS. See online help for details.
                 d:\program files (x86)\microsoft visual studio 10.0\vc\include\stdio.h(304) : 参见“scanf”的声明
     1>e:\2014yan\神经网络\课程设计\课程题目3\bp\bp\bp.cpp(236): warning C4996: 'scanf': This function or variable may be unsafe. Consider using scanf_s instead. To disable deprecation, use _CRT_SECURE_NO_WARNINGS. See online help for details.
                 d:\program files (x86)\microsoft visual studio 10.0\vc\include\stdio.h(304) : 参见“scanf”的声明
     1>e:\2014yan\神经网络\课程设计\课程题目3\bp\bp\bp.cpp(240): warning C4996: 'scanf': This function or variable may be unsafe. Consider using scanf_s instead. To disable deprecation, use _CRT_SECURE_NO_WARNINGS. See online help for details.
                 d:\program files (x86)\microsoft visual studio 10.0\vc\include\stdio.h(304) : 参见“scanf”的声明
       ManifestResourceCompile:
         所有输出均为最新。
       Link:
         d:\Program Files (x86)\Microsoft Visual Studio 10.0\VC\bin\link.exe /ERRORREPORT:PROMPT /OUT:"E:\2014yan\神经网络\课程设计\课程题目3\bp\Debug\bp.exe" /INCREMENTAL /NOLOGO kernel32.lib user32.lib gdi32.lib winspool.lib comdlg32.lib advapi32.lib shell32.lib ole32.lib oleaut32.lib uuid.lib odbc32.lib odbccp32.lib /MANIFEST /ManifestFile:"Debug\bp.exe.intermediate.manifest" /MANIFESTUAC:"level='asInvoker' uiAccess='false'" /DEBUG /PDB:"E:\2014yan\神经网络\课程设计\课程题目3\bp\Debug\bp.pdb" /SUBSYSTEM:CONSOLE /TLBID:1 /DYNAMICBASE /NXCOMPAT /IMPLIB:"E:\2014yan\神经网络\课程设计\课程题目3\bp\Debug\bp.lib" /MACHINE:X86 Debug\bp.exe.embed.manifest.res
         Debug\bp.obj
         Debug\stdafx.obj
       Manifest:
         C:\Program Files (x86)\Microsoft SDKs\Windows\v7.0A\bin\mt.exe /nologo /verbose /out:"Debug\bp.exe.embed.manifest" /manifest Debug\bp.exe.intermediate.manifest
         所有输出均为最新。
       LinkEmbedManifest:
         所有输出均为最新。
         bp.vcxproj -> E:\2014yan\神经网络\课程设计\课程题目3\bp\Debug\bp.exe
       FinalizeBuildStatus:
         正在删除文件“Debug\bp.unsuccessfulbuild”。
         正在对“Debug\bp.lastbuildstate”执行 Touch 任务。
     1>已完成生成项目“E:\2014yan\神经网络\课程设计\课程题目3\bp\bp\bp.vcxproj”(build 个目标)的操作。

生成成功。

已用时间 00:00:06.19
